  [1m[35m (28.2ms)[0m  [1m[35mDROP DATABASE IF EXISTS "Budget_development"[0m
  [1m[35m (0.4ms)[0m  [1m[35mDROP DATABASE IF EXISTS "Budget_test"[0m
  [1m[35m (1474.2ms)[0m  [1m[35mCREATE DATABASE "Budget_development" ENCODING = 'unicode'[0m
  [1m[35m (1063.9ms)[0m  [1m[35mCREATE DATABASE "Budget_test" ENCODING = 'unicode'[0m
  [1m[35mSQL (43.7ms)[0m  [1m[35mCREATE EXTENSION IF NOT EXISTS "plpgsql"[0m
  [1m[35m (0.5ms)[0m  [1m[35mDROP TABLE IF EXISTS "action_text_rich_texts" CASCADE[0m
  [1m[35m (225.9ms)[0m  [1m[35mCREATE TABLE "action_text_rich_texts" ("id" bigserial primary key, "name" character varying NOT NULL, "body" text, "record_type" character varying NOT NULL, "record_id" bigint NOT NULL, "created_at" timestamp(6) NOT NULL, "updated_at" timestamp(6) NOT NULL)[0m
  [1m[35m (107.5ms)[0m  [1m[35mCREATE UNIQUE INDEX "index_action_text_rich_texts_uniqueness" ON "action_text_rich_texts" ("record_type", "record_id", "name")[0m
  [1m[35m (0.7ms)[0m  [1m[35mDROP TABLE IF EXISTS "active_storage_attachments" CASCADE[0m
  [1m[35m (184.1ms)[0m  [1m[35mCREATE TABLE "active_storage_attachments" ("id" bigserial primary key, "name" character varying NOT NULL, "record_type" character varying NOT NULL, "record_id" bigint NOT NULL, "blob_id" bigint NOT NULL, "created_at" timestamp(6) NOT NULL)[0m
  [1m[35m (96.8ms)[0m  [1m[35mCREATE INDEX "index_active_storage_attachments_on_blob_id" ON "active_storage_attachments" ("blob_id")[0m
  [1m[35m (108.8ms)[0m  [1m[35mCREATE UNIQUE INDEX "index_active_storage_attachments_uniqueness" ON "active_storage_attachments" ("record_type", "record_id", "name", "blob_id")[0m
  [1m[35m (0.7ms)[0m  [1m[35mDROP TABLE IF EXISTS "active_storage_blobs" CASCADE[0m
  [1m[35m (183.6ms)[0m  [1m[35mCREATE TABLE "active_storage_blobs" ("id" bigserial primary key, "key" character varying NOT NULL, "filename" character varying NOT NULL, "content_type" character varying, "metadata" text, "service_name" character varying NOT NULL, "byte_size" bigint NOT NULL, "checksum" character varying, "created_at" timestamp(6) NOT NULL)[0m
  [1m[35m (109.0ms)[0m  [1m[35mCREATE UNIQUE INDEX "index_active_storage_blobs_on_key" ON "active_storage_blobs" ("key")[0m
  [1m[35m (0.7ms)[0m  [1m[35mDROP TABLE IF EXISTS "active_storage_variant_records" CASCADE[0m
  [1m[35m (172.2ms)[0m  [1m[35mCREATE TABLE "active_storage_variant_records" ("id" bigserial primary key, "blob_id" bigint NOT NULL, "variation_digest" character varying NOT NULL)[0m
  [1m[35m (108.8ms)[0m  [1m[35mCREATE UNIQUE INDEX "index_active_storage_variant_records_uniqueness" ON "active_storage_variant_records" ("blob_id", "variation_digest")[0m
  [1m[35m (0.7ms)[0m  [1m[35mDROP TABLE IF EXISTS "group_payments" CASCADE[0m
  [1m[35m (94.3ms)[0m  [1m[35mCREATE TABLE "group_payments" ("id" bigserial primary key, "created_at" timestamp(6) NOT NULL, "updated_at" timestamp(6) NOT NULL, "group_id" bigint NOT NULL, "payment_id" bigint NOT NULL)[0m
  [1m[35m (97.6ms)[0m  [1m[35mCREATE INDEX "index_group_payments_on_group_id" ON "group_payments" ("group_id")[0m
  [1m[35m (98.0ms)[0m  [1m[35mCREATE INDEX "index_group_payments_on_payment_id" ON "group_payments" ("payment_id")[0m
  [1m[35m (0.7ms)[0m  [1m[35mDROP TABLE IF EXISTS "groups" CASCADE[0m
  [1m[35m (149.7ms)[0m  [1m[35mCREATE TABLE "groups" ("id" bigserial primary key, "name" character varying, "icon" character varying, "created_at" timestamp(6) NOT NULL, "updated_at" timestamp(6) NOT NULL, "user_id" bigint NOT NULL)[0m
  [1m[35m (97.7ms)[0m  [1m[35mCREATE INDEX "index_groups_on_user_id" ON "groups" ("user_id")[0m
  [1m[35m (0.7ms)[0m  [1m[35mDROP TABLE IF EXISTS "payments" CASCADE[0m
  [1m[35m (350.9ms)[0m  [1m[35mCREATE TABLE "payments" ("id" bigserial primary key, "name" character varying, "amount" decimal, "created_at" timestamp(6) NOT NULL, "updated_at" timestamp(6) NOT NULL, "user_id" bigint NOT NULL)[0m
  [1m[35m (142.7ms)[0m  [1m[35mCREATE INDEX "index_payments_on_user_id" ON "payments" ("user_id")[0m
  [1m[35m (0.7ms)[0m  [1m[35mDROP TABLE IF EXISTS "users" CASCADE[0m
  [1m[35m (203.7ms)[0m  [1m[35mCREATE TABLE "users" ("id" bigserial primary key, "name" character varying, "role" character varying, "created_at" timestamp(6) NOT NULL, "updated_at" timestamp(6) NOT NULL, "email" character varying DEFAULT '' NOT NULL, "encrypted_password" character varying DEFAULT '' NOT NULL, "reset_password_token" character varying, "reset_password_sent_at" timestamp(6), "remember_created_at" timestamp(6), "confirmation_token" character varying, "confirmed_at" timestamp(6), "confirmation_sent_at" timestamp(6), "unconfirmed_email" character varying)[0m
  [1m[35m (97.9ms)[0m  [1m[35mCREATE UNIQUE INDEX "index_users_on_confirmation_token" ON "users" ("confirmation_token")[0m
  [1m[35m (86.4ms)[0m  [1m[35mCREATE UNIQUE INDEX "index_users_on_email" ON "users" ("email")[0m
  [1m[35m (86.8ms)[0m  [1m[35mCREATE UNIQUE INDEX "index_users_on_reset_password_token" ON "users" ("reset_password_token")[0m
  [1m[35m (19.6ms)[0m  [1m[35mALTER TABLE "active_storage_attachments" ADD CONSTRAINT "fk_rails_c3b3935057"
FOREIGN KEY ("blob_id")
  REFERENCES "active_storage_blobs" ("id")
[0m
  [1m[35m (8.6ms)[0m  [1m[35mALTER TABLE "active_storage_variant_records" ADD CONSTRAINT "fk_rails_993965df05"
FOREIGN KEY ("blob_id")
  REFERENCES "active_storage_blobs" ("id")
[0m
  [1m[35m (8.5ms)[0m  [1m[35mALTER TABLE "group_payments" ADD CONSTRAINT "fk_rails_d6d31719d3"
FOREIGN KEY ("group_id")
  REFERENCES "groups" ("id")
[0m
  [1m[35m (8.6ms)[0m  [1m[35mALTER TABLE "group_payments" ADD CONSTRAINT "fk_rails_267d3de2b5"
FOREIGN KEY ("payment_id")
  REFERENCES "payments" ("id")
[0m
  [1m[35m (8.4ms)[0m  [1m[35mALTER TABLE "groups" ADD CONSTRAINT "fk_rails_5e78cd340a"
FOREIGN KEY ("user_id")
  REFERENCES "users" ("id")
[0m
  [1m[35m (8.4ms)[0m  [1m[35mALTER TABLE "payments" ADD CONSTRAINT "fk_rails_081dc04a02"
FOREIGN KEY ("user_id")
  REFERENCES "users" ("id")
[0m
  [1m[35m (170.0ms)[0m  [1m[35mCREATE TABLE "schema_migrations" ("version" character varying NOT NULL PRIMARY KEY)[0m
  [1m[36mActiveRecord::SchemaMigration Pluck (1.3ms)[0m  [1m[34mSELECT "schema_migrations"."version" FROM "schema_migrations" ORDER BY "schema_migrations"."version" ASC[0m
  [1m[35m (86.9ms)[0m  [1m[32mINSERT INTO "schema_migrations" (version) VALUES (20230405111345)[0m
  [1m[35m (9.0ms)[0m  [1m[32mINSERT INTO "schema_migrations" (version) VALUES
(20230403134056),
(20230403134725),
(20230403135511),
(20230403141626),
(20230403142434),
(20230405104616);

[0m
  [1m[35m (196.1ms)[0m  [1m[35mCREATE TABLE "ar_internal_metadata" ("key" character varying NOT NULL PRIMARY KEY, "value" character varying, "created_at" timestamp(6) NOT NULL, "updated_at" timestamp(6) NOT NULL)[0m
  [1m[36mActiveRecord::InternalMetadata Load (1.4ms)[0m  [1m[34mSELECT "ar_internal_metadata".* FROM "ar_internal_metadata" WHERE "ar_internal_metadata"."key" = $1 LIMIT $2[0m  [["key", "environment"], ["LIMIT", 1]]
  [1m[36mTRANSACTION (0.4ms)[0m  [1m[35mBEGIN[0m
  [1m[36mActiveRecord::InternalMetadata Create (1.1ms)[0m  [1m[32mINSERT INTO "ar_internal_metadata" ("key", "value", "created_at", "updated_at") VALUES ($1, $2, $3, $4) RETURNING "key"[0m  [["key", "environment"], ["value", "development"], ["created_at", "2023-04-08 07:37:48.074828"], ["updated_at", "2023-04-08 07:37:48.074828"]]
  [1m[36mTRANSACTION (38.4ms)[0m  [1m[35mCOMMIT[0m
  [1m[36mActiveRecord::InternalMetadata Load (0.5ms)[0m  [1m[34mSELECT "ar_internal_metadata".* FROM "ar_internal_metadata" WHERE "ar_internal_metadata"."key" = $1 LIMIT $2[0m  [["key", "environment"], ["LIMIT", 1]]
  [1m[36mActiveRecord::InternalMetadata Load (0.5ms)[0m  [1m[34mSELECT "ar_internal_metadata".* FROM "ar_internal_metadata" WHERE "ar_internal_metadata"."key" = $1 LIMIT $2[0m  [["key", "schema_sha1"], ["LIMIT", 1]]
  [1m[36mTRANSACTION (0.3ms)[0m  [1m[35mBEGIN[0m
  [1m[36mActiveRecord::InternalMetadata Create (0.7ms)[0m  [1m[32mINSERT INTO "ar_internal_metadata" ("key", "value", "created_at", "updated_at") VALUES ($1, $2, $3, $4) RETURNING "key"[0m  [["key", "schema_sha1"], ["value", "d9dc74fe5262304a6c140db6492a5e60b6daa62c"], ["created_at", "2023-04-08 07:37:48.127895"], ["updated_at", "2023-04-08 07:37:48.127895"]]
  [1m[36mTRANSACTION (13.8ms)[0m  [1m[35mCOMMIT[0m
  [1m[35mSQL (0.8ms)[0m  [1m[35mCREATE EXTENSION IF NOT EXISTS "plpgsql"[0m
  [1m[35m (0.4ms)[0m  [1m[35mDROP TABLE IF EXISTS "action_text_rich_texts" CASCADE[0m
  [1m[35m (134.1ms)[0m  [1m[35mCREATE TABLE "action_text_rich_texts" ("id" bigserial primary key, "name" character varying NOT NULL, "body" text, "record_type" character varying NOT NULL, "record_id" bigint NOT NULL, "created_at" timestamp(6) NOT NULL, "updated_at" timestamp(6) NOT NULL)[0m
  [1m[35m (85.5ms)[0m  [1m[35mCREATE UNIQUE INDEX "index_action_text_rich_texts_uniqueness" ON "action_text_rich_texts" ("record_type", "record_id", "name")[0m
  [1m[35m (0.6ms)[0m  [1m[35mDROP TABLE IF EXISTS "active_storage_attachments" CASCADE[0m
  [1m[35m (160.9ms)[0m  [1m[35mCREATE TABLE "active_storage_attachments" ("id" bigserial primary key, "name" character varying NOT NULL, "record_type" character varying NOT NULL, "record_id" bigint NOT NULL, "blob_id" bigint NOT NULL, "created_at" timestamp(6) NOT NULL)[0m
  [1m[35m (76.0ms)[0m  [1m[35mCREATE INDEX "index_active_storage_attachments_on_blob_id" ON "active_storage_attachments" ("blob_id")[0m
  [1m[35m (109.2ms)[0m  [1m[35mCREATE UNIQUE INDEX "index_active_storage_attachments_uniqueness" ON "active_storage_attachments" ("record_type", "record_id", "name", "blob_id")[0m
  [1m[35m (0.7ms)[0m  [1m[35mDROP TABLE IF EXISTS "active_storage_blobs" CASCADE[0m
  [1m[35m (160.3ms)[0m  [1m[35mCREATE TABLE "active_storage_blobs" ("id" bigserial primary key, "key" character varying NOT NULL, "filename" character varying NOT NULL, "content_type" character varying, "metadata" text, "service_name" character varying NOT NULL, "byte_size" bigint NOT NULL, "checksum" character varying, "created_at" timestamp(6) NOT NULL)[0m
  [1m[35m (108.7ms)[0m  [1m[35mCREATE UNIQUE INDEX "index_active_storage_blobs_on_key" ON "active_storage_blobs" ("key")[0m
  [1m[35m (0.8ms)[0m  [1m[35mDROP TABLE IF EXISTS "active_storage_variant_records" CASCADE[0m
  [1m[35m (350.2ms)[0m  [1m[35mCREATE TABLE "active_storage_variant_records" ("id" bigserial primary key, "blob_id" bigint NOT NULL, "variation_digest" character varying NOT NULL)[0m
  [1m[35m (75.5ms)[0m  [1m[35mCREATE UNIQUE INDEX "index_active_storage_variant_records_uniqueness" ON "active_storage_variant_records" ("blob_id", "variation_digest")[0m
  [1m[35m (0.7ms)[0m  [1m[35mDROP TABLE IF EXISTS "group_payments" CASCADE[0m
  [1m[35m (83.0ms)[0m  [1m[35mCREATE TABLE "group_payments" ("id" bigserial primary key, "created_at" timestamp(6) NOT NULL, "updated_at" timestamp(6) NOT NULL, "group_id" bigint NOT NULL, "payment_id" bigint NOT NULL)[0m
  [1m[35m (97.9ms)[0m  [1m[35mCREATE INDEX "index_group_payments_on_group_id" ON "group_payments" ("group_id")[0m
  [1m[35m (97.7ms)[0m  [1m[35mCREATE INDEX "index_group_payments_on_payment_id" ON "group_payments" ("payment_id")[0m
  [1m[35m (0.7ms)[0m  [1m[35mDROP TABLE IF EXISTS "groups" CASCADE[0m
  [1m[35m (183.8ms)[0m  [1m[35mCREATE TABLE "groups" ("id" bigserial primary key, "name" character varying, "icon" character varying, "created_at" timestamp(6) NOT NULL, "updated_at" timestamp(6) NOT NULL, "user_id" bigint NOT NULL)[0m
  [1m[35m (97.3ms)[0m  [1m[35mCREATE INDEX "index_groups_on_user_id" ON "groups" ("user_id")[0m
  [1m[35m (0.6ms)[0m  [1m[35mDROP TABLE IF EXISTS "payments" CASCADE[0m
  [1m[35m (206.4ms)[0m  [1m[35mCREATE TABLE "payments" ("id" bigserial primary key, "name" character varying, "amount" decimal, "created_at" timestamp(6) NOT NULL, "updated_at" timestamp(6) NOT NULL, "user_id" bigint NOT NULL)[0m
  [1m[35m (97.7ms)[0m  [1m[35mCREATE INDEX "index_payments_on_user_id" ON "payments" ("user_id")[0m
  [1m[35m (0.6ms)[0m  [1m[35mDROP TABLE IF EXISTS "users" CASCADE[0m
  [1m[35m (182.3ms)[0m  [1m[35mCREATE TABLE "users" ("id" bigserial primary key, "name" character varying, "role" character varying, "created_at" timestamp(6) NOT NULL, "updated_at" timestamp(6) NOT NULL, "email" character varying DEFAULT '' NOT NULL, "encrypted_password" character varying DEFAULT '' NOT NULL, "reset_password_token" character varying, "reset_password_sent_at" timestamp(6), "remember_created_at" timestamp(6), "confirmation_token" character varying, "confirmed_at" timestamp(6), "confirmation_sent_at" timestamp(6), "unconfirmed_email" character varying)[0m
  [1m[35m (97.6ms)[0m  [1m[35mCREATE UNIQUE INDEX "index_users_on_confirmation_token" ON "users" ("confirmation_token")[0m
  [1m[35m (97.8ms)[0m  [1m[35mCREATE UNIQUE INDEX "index_users_on_email" ON "users" ("email")[0m
  [1m[35m (108.7ms)[0m  [1m[35mCREATE UNIQUE INDEX "index_users_on_reset_password_token" ON "users" ("reset_password_token")[0m
  [1m[35m (8.7ms)[0m  [1m[35mALTER TABLE "active_storage_attachments" ADD CONSTRAINT "fk_rails_c3b3935057"
FOREIGN KEY ("blob_id")
  REFERENCES "active_storage_blobs" ("id")
[0m
  [1m[35m (8.0ms)[0m  [1m[35mALTER TABLE "active_storage_variant_records" ADD CONSTRAINT "fk_rails_993965df05"
FOREIGN KEY ("blob_id")
  REFERENCES "active_storage_blobs" ("id")
[0m
  [1m[35m (8.5ms)[0m  [1m[35mALTER TABLE "group_payments" ADD CONSTRAINT "fk_rails_d6d31719d3"
FOREIGN KEY ("group_id")
  REFERENCES "groups" ("id")
[0m
  [1m[35m (8.8ms)[0m  [1m[35mALTER TABLE "group_payments" ADD CONSTRAINT "fk_rails_267d3de2b5"
FOREIGN KEY ("payment_id")
  REFERENCES "payments" ("id")
[0m
  [1m[35m (8.8ms)[0m  [1m[35mALTER TABLE "groups" ADD CONSTRAINT "fk_rails_5e78cd340a"
FOREIGN KEY ("user_id")
  REFERENCES "users" ("id")
[0m
  [1m[35m (8.8ms)[0m  [1m[35mALTER TABLE "payments" ADD CONSTRAINT "fk_rails_081dc04a02"
FOREIGN KEY ("user_id")
  REFERENCES "users" ("id")
[0m
  [1m[35m (207.5ms)[0m  [1m[35mCREATE TABLE "schema_migrations" ("version" character varying NOT NULL PRIMARY KEY)[0m
  [1m[36mActiveRecord::SchemaMigration Pluck (1.2ms)[0m  [1m[34mSELECT "schema_migrations"."version" FROM "schema_migrations" ORDER BY "schema_migrations"."version" ASC[0m
  [1m[35m (13.1ms)[0m  [1m[32mINSERT INTO "schema_migrations" (version) VALUES (20230405111345)[0m
  [1m[35m (9.1ms)[0m  [1m[32mINSERT INTO "schema_migrations" (version) VALUES
(20230403134056),
(20230403134725),
(20230403135511),
(20230403141626),
(20230403142434),
(20230405104616);

[0m
  [1m[35m (185.4ms)[0m  [1m[35mCREATE TABLE "ar_internal_metadata" ("key" character varying NOT NULL PRIMARY KEY, "value" character varying, "created_at" timestamp(6) NOT NULL, "updated_at" timestamp(6) NOT NULL)[0m
  [1m[36mActiveRecord::InternalMetadata Load (0.8ms)[0m  [1m[34mSELECT "ar_internal_metadata".* FROM "ar_internal_metadata" WHERE "ar_internal_metadata"."key" = $1 LIMIT $2[0m  [["key", "environment"], ["LIMIT", 1]]
  [1m[36mTRANSACTION (0.4ms)[0m  [1m[35mBEGIN[0m
  [1m[36mActiveRecord::InternalMetadata Create (1.4ms)[0m  [1m[32mINSERT INTO "ar_internal_metadata" ("key", "value", "created_at", "updated_at") VALUES ($1, $2, $3, $4) RETURNING "key"[0m  [["key", "environment"], ["value", "development"], ["created_at", "2023-04-08 07:37:51.407918"], ["updated_at", "2023-04-08 07:37:51.407918"]]
  [1m[36mTRANSACTION (14.5ms)[0m  [1m[35mCOMMIT[0m
  [1m[36mActiveRecord::InternalMetadata Load (0.6ms)[0m  [1m[34mSELECT "ar_internal_metadata".* FROM "ar_internal_metadata" WHERE "ar_internal_metadata"."key" = $1 LIMIT $2[0m  [["key", "environment"], ["LIMIT", 1]]
  [1m[36mTRANSACTION (0.4ms)[0m  [1m[35mBEGIN[0m
  [1m[36mActiveRecord::InternalMetadata Update (0.8ms)[0m  [1m[33mUPDATE "ar_internal_metadata" SET "value" = $1, "updated_at" = $2 WHERE "ar_internal_metadata"."key" = $3[0m  [["value", "test"], ["updated_at", "2023-04-08 07:37:51.440469"], ["key", "environment"]]
  [1m[36mTRANSACTION (5.2ms)[0m  [1m[35mCOMMIT[0m
  [1m[36mActiveRecord::InternalMetadata Load (0.8ms)[0m  [1m[34mSELECT "ar_internal_metadata".* FROM "ar_internal_metadata" WHERE "ar_internal_metadata"."key" = $1 LIMIT $2[0m  [["key", "schema_sha1"], ["LIMIT", 1]]
  [1m[36mTRANSACTION (0.5ms)[0m  [1m[35mBEGIN[0m
  [1m[36mActiveRecord::InternalMetadata Create (1.1ms)[0m  [1m[32mINSERT INTO "ar_internal_metadata" ("key", "value", "created_at", "updated_at") VALUES ($1, $2, $3, $4) RETURNING "key"[0m  [["key", "schema_sha1"], ["value", "d9dc74fe5262304a6c140db6492a5e60b6daa62c"], ["created_at", "2023-04-08 07:37:51.463991"], ["updated_at", "2023-04-08 07:37:51.463991"]]
  [1m[36mTRANSACTION (14.8ms)[0m  [1m[35mCOMMIT[0m
  [1m[36mActiveRecord::SchemaMigration Pluck (1.0ms)[0m  [1m[34mSELECT "schema_migrations"."version" FROM "schema_migrations" ORDER BY "schema_migrations"."version" ASC[0m
  [1m[35m (26.4ms)[0m  [1m[34mSELECT pg_try_advisory_lock(8116918613048146545)[0m
  [1m[36mActiveRecord::SchemaMigration Pluck (1.0ms)[0m  [1m[34mSELECT "schema_migrations"."version" FROM "schema_migrations" ORDER BY "schema_migrations"."version" ASC[0m
  [1m[36mActiveRecord::InternalMetadata Load (0.7ms)[0m  [1m[34mSELECT "ar_internal_metadata".* FROM "ar_internal_metadata" WHERE "ar_internal_metadata"."key" = $1 LIMIT $2[0m  [["key", "environment"], ["LIMIT", 1]]
  [1m[35m (0.4ms)[0m  [1m[34mSELECT pg_advisory_unlock(8116918613048146545)[0m
  [1m[36mActiveRecord::SchemaMigration Pluck (0.7ms)[0m  [1m[34mSELECT "schema_migrations"."version" FROM "schema_migrations" ORDER BY "schema_migrations"."version" ASC[0m
Started GET "/" for ::1 at 2023-04-08 10:40:44 +0300
  [1m[36mActiveRecord::SchemaMigration Pluck (0.7ms)[0m  [1m[34mSELECT "schema_migrations"."version" FROM "schema_migrations" ORDER BY "schema_migrations"."version" ASC[0m
Processing by HomeController#index as HTML
  Rendering layout layouts/application.html.erb
  Rendering home/index.html.erb within layouts/application
  Rendered home/index.html.erb within layouts/application (Duration: 32.1ms | Allocations: 720)
  Rendered layout layouts/application.html.erb (Duration: 670.4ms | Allocations: 109274)
Completed 200 OK in 775ms (Views: 679.2ms | ActiveRecord: 0.0ms | Allocations: 115547)


Started GET "/users/sign_in" for ::1 at 2023-04-08 10:41:17 +0300
Processing by Devise::SessionsController#new as HTML
  Rendering layout layouts/application.html.erb
  Rendering devise/sessions/new.html.erb within layouts/application
  Rendered devise/sessions/new.html.erb within layouts/application (Duration: 188.6ms | Allocations: 6533)
  Rendered layout layouts/application.html.erb (Duration: 199.1ms | Allocations: 10239)
Completed 200 OK in 239ms (Views: 201.1ms | ActiveRecord: 8.6ms | Allocations: 20334)


Started POST "/users/sign_in" for ::1 at 2023-04-08 10:41:26 +0300
Processing by Devise::SessionsController#create as TURBO_STREAM
  Parameters: {"authenticity_token"=>"[FILTERED]", "user"=>{"email"=>"ssekweyamapius@gmail.com", "password"=>"[FILTERED]", "remember_me"=>"0"}, "commit"=>"Log in"}
  [1m[36mUser Load (1.4ms)[0m  [1m[34mSELECT "users".* FROM "users" WHERE "users"."email" = $1 ORDER BY "users"."id" ASC LIMIT $2[0m  [["email", "ssekweyamapius@gmail.com"], ["LIMIT", 1]]
Completed 401 Unauthorized in 25ms (ActiveRecord: 1.9ms | Allocations: 3595)


Processing by Devise::SessionsController#new as TURBO_STREAM
  Parameters: {"authenticity_token"=>"[FILTERED]", "user"=>{"email"=>"ssekweyamapius@gmail.com", "password"=>"[FILTERED]", "remember_me"=>"0"}, "commit"=>"Log in"}
  Rendering layout layouts/application.html.erb
  Rendering devise/sessions/new.html.erb within layouts/application
  Rendered devise/sessions/new.html.erb within layouts/application (Duration: 1.3ms | Allocations: 792)
  Rendered layout layouts/application.html.erb (Duration: 5.6ms | Allocations: 4406)
Completed 200 OK in 422ms (Views: 6.2ms | ActiveRecord: 0.0ms | Allocations: 6178)


Started GET "/" for ::1 at 2023-04-08 10:41:44 +0300
Processing by HomeController#index as HTML
  Rendering layout layouts/application.html.erb
  Rendering home/index.html.erb within layouts/application
  Rendered home/index.html.erb within layouts/application (Duration: 0.3ms | Allocations: 93)
  Rendered layout layouts/application.html.erb (Duration: 10.6ms | Allocations: 3721)
Completed 200 OK in 13ms (Views: 12.0ms | ActiveRecord: 0.0ms | Allocations: 3992)


Started GET "/users/sign_up" for ::1 at 2023-04-08 10:41:47 +0300
Processing by Devise::RegistrationsController#new as HTML
  Rendering layout layouts/application.html.erb
  Rendering devise/registrations/new.html.erb within layouts/application
  Rendered devise/shared/_error_messages.html.erb (Duration: 0.7ms | Allocations: 231)
  Rendered devise/registrations/_form.html.erb (Duration: 4.2ms | Allocations: 1436)
  Rendered devise/registrations/new.html.erb within layouts/application (Duration: 8.5ms | Allocations: 2509)
  Rendered layout layouts/application.html.erb (Duration: 16.5ms | Allocations: 6058)
Completed 200 OK in 22ms (Views: 19.9ms | ActiveRecord: 0.0ms | Allocations: 7142)


Started POST "/users" for ::1 at 2023-04-08 10:43:50 +0300
Processing by Devise::RegistrationsController#create as TURBO_STREAM
  Parameters: {"authenticity_token"=>"[FILTERED]", "user"=>{"name"=>"Pius Ssekweyama", "email"=>"ssekweyamapius@gmail.com", "password"=>"[FILTERED]", "password_confirmation"=>"[FILTERED]"}, "commit"=>"Sign up"}
[31mUnpermitted parameter: :password_confirmation. Context: { controller: Devise::RegistrationsController, action: create, request: #<ActionDispatch::Request:0x00007f91d3c42b30>, params: {"authenticity_token"=>"[FILTERED]", "user"=>{"name"=>"Pius Ssekweyama", "email"=>"ssekweyamapius@gmail.com", "password"=>"[FILTERED]", "password_confirmation"=>"[FILTERED]"}, "commit"=>"Sign up", "controller"=>"devise/registrations", "action"=>"create"} }[0m
  [1m[36mTRANSACTION (0.4ms)[0m  [1m[35mBEGIN[0m
  [1m[36mUser Exists? (0.8ms)[0m  [1m[34mSELECT 1 AS one FROM "users" WHERE "users"."email" = $1 LIMIT $2[0m  [["email", "ssekweyamapius@gmail.com"], ["LIMIT", 1]]
  [1m[36mUser Create (1.7ms)[0m  [1m[32mINSERT INTO "users" ("name", "role", "created_at", "updated_at", "email", "encrypted_password", "reset_password_token", "reset_password_sent_at", "remember_created_at", "confirmation_token", "confirmed_at", "confirmation_sent_at", "unconfirmed_email") VALUES ($1, $2, $3, $4, $5, $6, $7, $8, $9, $10, $11, $12, $13) RETURNING "id"[0m  [["name", "Pius Ssekweyama"], ["role", nil], ["created_at", "2023-04-08 07:43:50.681435"], ["updated_at", "2023-04-08 07:43:50.681435"], ["email", "ssekweyamapius@gmail.com"], ["encrypted_password", "[FILTERED]"], ["reset_password_token", "[FILTERED]"], ["reset_password_sent_at", "[FILTERED]"], ["remember_created_at", nil], ["confirmation_token", "[FILTERED]"], ["confirmed_at", nil], ["confirmation_sent_at", nil], ["unconfirmed_email", nil]]
  [1m[36mTRANSACTION (42.0ms)[0m  [1m[35mCOMMIT[0m
Redirected to http://localhost:3000/
Completed 303 See Other in 404ms (ActiveRecord: 45.0ms | Allocations: 18598)


Started GET "/" for ::1 at 2023-04-08 10:43:50 +0300
  [1m[36mUser Load (0.7ms)[0m  [1m[34mSELECT "users".* FROM "users" WHERE "users"."id" = $1 ORDER BY "users"."id" ASC LIMIT $2[0m  [["id", 1], ["LIMIT", 1]]
Processing by GroupsController#index as TURBO_STREAM
  [1m[36mGroup Load (0.8ms)[0m  [1m[34mSELECT "groups".* FROM "groups" WHERE "groups"."user_id" = $1[0m  [["user_id", 1]]
  ↳ app/controllers/groups_controller.rb:8:in `flat_map'
  Rendering layout layouts/application.html.erb
  Rendering groups/index.html.erb within layouts/application
  [1m[36mActiveStorage::Attachment Load (1.1ms)[0m  [1m[34mSELECT "active_storage_attachments".* FROM "active_storage_attachments" WHERE "active_storage_attachments"."record_id" = $1 AND "active_storage_attachments"."record_type" = $2 AND "active_storage_attachments"."name" = $3 LIMIT $4[0m  [["record_id", 1], ["record_type", "User"], ["name", "avatar"], ["LIMIT", 1]]
  ↳ app/views/groups/index.html.erb:7
  Rendered groups/index.html.erb within layouts/application (Duration: 59.6ms | Allocations: 10184)
  Rendered layout layouts/application.html.erb (Duration: 66.9ms | Allocations: 13592)
Completed 200 OK in 104ms (Views: 66.8ms | ActiveRecord: 6.4ms | Allocations: 21400)


Started GET "/groups/new" for ::1 at 2023-04-08 10:44:21 +0300
Processing by GroupsController#new as HTML
  [1m[36mUser Load (0.7ms)[0m  [1m[34mSELECT "users".* FROM "users" WHERE "users"."id" = $1 ORDER BY "users"."id" ASC LIMIT $2[0m  [["id", 1], ["LIMIT", 1]]
  Rendering layout layouts/application.html.erb
  Rendering groups/new.html.erb within layouts/application
  Rendered groups/_form.html.erb (Duration: 6.9ms | Allocations: 2656)
  Rendered groups/new.html.erb within layouts/application (Duration: 8.3ms | Allocations: 2976)
  Rendered layout layouts/application.html.erb (Duration: 16.9ms | Allocations: 6317)
Completed 200 OK in 53ms (Views: 17.9ms | ActiveRecord: 6.6ms | Allocations: 11153)


Started POST "/groups" for ::1 at 2023-04-08 10:45:17 +0300
Processing by GroupsController#create as TURBO_STREAM
  Parameters: {"authenticity_token"=>"[FILTERED]", "group"=>{"name"=>"food", "icon"=>"https://cdn-icons-png.flaticon.com/512/3514/3514424.png"}, "commit"=>"Create Group"}
  [1m[36mUser Load (0.5ms)[0m  [1m[34mSELECT "users".* FROM "users" WHERE "users"."id" = $1 ORDER BY "users"."id" ASC LIMIT $2[0m  [["id", 1], ["LIMIT", 1]]
  [1m[36mTRANSACTION (0.5ms)[0m  [1m[35mBEGIN[0m
  ↳ app/controllers/groups_controller.rb:27:in `block in create'
  [1m[36mUser Load (0.7ms)[0m  [1m[34mSELECT "users".* FROM "users" WHERE "users"."id" = $1 LIMIT $2[0m  [["id", 1], ["LIMIT", 1]]
  ↳ app/controllers/groups_controller.rb:27:in `block in create'
  [1m[36mGroup Create (2.2ms)[0m  [1m[32mINSERT INTO "groups" ("name", "icon", "created_at", "updated_at", "user_id") VALUES ($1, $2, $3, $4, $5) RETURNING "id"[0m  [["name", "food"], ["icon", "https://cdn-icons-png.flaticon.com/512/3514/3514424.png"], ["created_at", "2023-04-08 07:45:17.503981"], ["updated_at", "2023-04-08 07:45:17.503981"], ["user_id", 1]]
  ↳ app/controllers/groups_controller.rb:27:in `block in create'
  [1m[36mTRANSACTION (88.9ms)[0m  [1m[35mCOMMIT[0m
  ↳ app/controllers/groups_controller.rb:27:in `block in create'
Redirected to http://localhost:3000/groups/1
Completed 302 Found in 248ms (ActiveRecord: 92.8ms | Allocations: 17687)


Started GET "/groups/1" for ::1 at 2023-04-08 10:45:17 +0300
Processing by GroupsController#show as TURBO_STREAM
  Parameters: {"id"=>"1"}
  [1m[36mGroup Load (0.8ms)[0m  [1m[34mSELECT "groups".* FROM "groups" WHERE "groups"."id" = $1 LIMIT $2[0m  [["id", 1], ["LIMIT", 1]]
  [1m[36mUser Load (0.9ms)[0m  [1m[34mSELECT "users".* FROM "users" WHERE "users"."id" = $1 ORDER BY "users"."id" ASC LIMIT $2[0m  [["id", 1], ["LIMIT", 1]]
  [1m[36mCACHE Group Load (0.0ms)[0m  [1m[34mSELECT "groups".* FROM "groups" WHERE "groups"."id" = $1 LIMIT $2[0m  [["id", 1], ["LIMIT", 1]]
  ↳ app/controllers/groups_controller.rb:70:in `set_group'
  [1m[36mCACHE Group Load (0.0ms)[0m  [1m[34mSELECT "groups".* FROM "groups" WHERE "groups"."id" = $1 LIMIT $2[0m  [["id", 1], ["LIMIT", 1]]
  ↳ app/controllers/groups_controller.rb:13:in `show'
  Rendering layout layouts/application.html.erb
  Rendering groups/show.html.erb within layouts/application
  [1m[36mPayment Sum (2.1ms)[0m  [1m[34mSELECT SUM("payments"."amount") FROM "payments" INNER JOIN "group_payments" ON "payments"."id" = "group_payments"."payment_id" WHERE "group_payments"."group_id" = $1[0m  [["group_id", 1]]
  ↳ app/models/group.rb:9:in `total_amount'
  Rendered groups/_group.html.erb (Duration: 23.1ms | Allocations: 4310)
  [1m[36mPayment Load (1.3ms)[0m  [1m[34mSELECT "payments".* FROM "payments" INNER JOIN "group_payments" ON "payments"."id" = "group_payments"."payment_id" WHERE "group_payments"."group_id" = $1 ORDER BY "payments"."created_at" DESC[0m  [["group_id", 1]]
  ↳ app/views/groups/show.html.erb:7
  Rendered groups/show.html.erb within layouts/application (Duration: 61.1ms | Allocations: 5883)
  Rendered layout layouts/application.html.erb (Duration: 72.0ms | Allocations: 9415)
Completed 200 OK in 141ms (Views: 69.7ms | ActiveRecord: 13.9ms | Allocations: 19235)


Started GET "/groups" for ::1 at 2023-04-08 10:45:28 +0300
Processing by GroupsController#index as HTML
  [1m[36mUser Load (1.3ms)[0m  [1m[34mSELECT "users".* FROM "users" WHERE "users"."id" = $1 ORDER BY "users"."id" ASC LIMIT $2[0m  [["id", 1], ["LIMIT", 1]]
  [1m[36mGroup Load (0.8ms)[0m  [1m[34mSELECT "groups".* FROM "groups" WHERE "groups"."user_id" = $1[0m  [["user_id", 1]]
  ↳ app/controllers/groups_controller.rb:8:in `flat_map'
  [1m[36mGroupPayment Load (0.5ms)[0m  [1m[34mSELECT "group_payments".* FROM "group_payments" WHERE "group_payments"."group_id" = $1[0m  [["group_id", 1]]
  ↳ app/controllers/groups_controller.rb:8:in `flat_map'
  [1m[36mPayment Load (0.6ms)[0m  [1m[34mSELECT "payments".* FROM "payments" INNER JOIN "group_payments" ON "payments"."id" = "group_payments"."payment_id" WHERE "group_payments"."group_id" = $1[0m  [["group_id", 1]]
  ↳ app/controllers/groups_controller.rb:8:in `flat_map'
  Rendering layout layouts/application.html.erb
  Rendering groups/index.html.erb within layouts/application
  [1m[36mActiveStorage::Attachment Load (0.7ms)[0m  [1m[34mSELECT "active_storage_attachments".* FROM "active_storage_attachments" WHERE "active_storage_attachments"."record_id" = $1 AND "active_storage_attachments"."record_type" = $2 AND "active_storage_attachments"."name" = $3 LIMIT $4[0m  [["record_id", 1], ["record_type", "User"], ["name", "avatar"], ["LIMIT", 1]]
  ↳ app/views/groups/index.html.erb:7
  [1m[36mPayment Sum (0.9ms)[0m  [1m[34mSELECT SUM("payments"."amount") FROM "payments" INNER JOIN "group_payments" ON "payments"."id" = "group_payments"."payment_id" WHERE "group_payments"."group_id" = $1[0m  [["group_id", 1]]
  ↳ app/models/group.rb:9:in `total_amount'
  Rendered groups/index.html.erb within layouts/application (Duration: 15.4ms | Allocations: 4322)
  Rendered layout layouts/application.html.erb (Duration: 23.9ms | Allocations: 7662)
Completed 200 OK in 65ms (Views: 23.3ms | ActiveRecord: 4.9ms | Allocations: 14805)


Started GET "/groups/1" for ::1 at 2023-04-08 10:45:31 +0300
Processing by GroupsController#show as HTML
  Parameters: {"id"=>"1"}
  [1m[36mGroup Load (6.4ms)[0m  [1m[34mSELECT "groups".* FROM "groups" WHERE "groups"."id" = $1 LIMIT $2[0m  [["id", 1], ["LIMIT", 1]]
  [1m[36mUser Load (1.2ms)[0m  [1m[34mSELECT "users".* FROM "users" WHERE "users"."id" = $1 ORDER BY "users"."id" ASC LIMIT $2[0m  [["id", 1], ["LIMIT", 1]]
  [1m[36mCACHE Group Load (0.0ms)[0m  [1m[34mSELECT "groups".* FROM "groups" WHERE "groups"."id" = $1 LIMIT $2[0m  [["id", 1], ["LIMIT", 1]]
  ↳ app/controllers/groups_controller.rb:70:in `set_group'
  [1m[36mCACHE Group Load (0.0ms)[0m  [1m[34mSELECT "groups".* FROM "groups" WHERE "groups"."id" = $1 LIMIT $2[0m  [["id", 1], ["LIMIT", 1]]
  ↳ app/controllers/groups_controller.rb:13:in `show'
  Rendering layout layouts/application.html.erb
  Rendering groups/show.html.erb within layouts/application
  [1m[36mPayment Sum (4.9ms)[0m  [1m[34mSELECT SUM("payments"."amount") FROM "payments" INNER JOIN "group_payments" ON "payments"."id" = "group_payments"."payment_id" WHERE "group_payments"."group_id" = $1[0m  [["group_id", 1]]
  ↳ app/models/group.rb:9:in `total_amount'
  Rendered groups/_group.html.erb (Duration: 59.1ms | Allocations: 5588)
  [1m[36mPayment Load (0.7ms)[0m  [1m[34mSELECT "payments".* FROM "payments" INNER JOIN "group_payments" ON "payments"."id" = "group_payments"."payment_id" WHERE "group_payments"."group_id" = $1 ORDER BY "payments"."created_at" DESC[0m  [["group_id", 1]]
  ↳ app/views/groups/show.html.erb:7
  Rendered groups/show.html.erb within layouts/application (Duration: 63.7ms | Allocations: 6430)
  Rendered layout layouts/application.html.erb (Duration: 76.0ms | Allocations: 9961)
Completed 200 OK in 115ms (Views: 71.3ms | ActiveRecord: 13.4ms | Allocations: 14116)


Started GET "/groups/1/payments/new" for ::1 at 2023-04-08 10:45:35 +0300
Processing by PaymentsController#new as HTML
  Parameters: {"group_id"=>"1"}
  [1m[36mUser Load (0.8ms)[0m  [1m[34mSELECT "users".* FROM "users" WHERE "users"."id" = $1 ORDER BY "users"."id" ASC LIMIT $2[0m  [["id", 1], ["LIMIT", 1]]
  [1m[36mGroup Load (0.9ms)[0m  [1m[34mSELECT "groups".* FROM "groups" WHERE "groups"."id" = $1 LIMIT $2[0m  [["id", 1], ["LIMIT", 1]]
  ↳ app/controllers/payments_controller.rb:16:in `new'
  Rendering layout layouts/application.html.erb
  Rendering payments/new.html.erb within layouts/application
  [1m[36mGroup Load (1.0ms)[0m  [1m[34mSELECT "groups".* FROM "groups"[0m
  ↳ app/views/payments/_form.html.erb:23:in `map'
  Rendered payments/_form.html.erb (Duration: 112.7ms | Allocations: 2331)
  Rendered payments/new.html.erb within layouts/application (Duration: 115.0ms | Allocations: 2694)
  Rendered layout layouts/application.html.erb (Duration: 129.3ms | Allocations: 6426)
Completed 200 OK in 163ms (Views: 132.2ms | ActiveRecord: 2.7ms | Allocations: 11862)


Started POST "/groups/1/payments" for ::1 at 2023-04-08 10:45:58 +0300
Processing by PaymentsController#create as TURBO_STREAM
  Parameters: {"authenticity_token"=>"[FILTERED]", "payment"=>{"name"=>"matooke", "amount"=>"4000", "group_id"=>"1"}, "commit"=>"Create Payment", "group_id"=>"1"}
[31mUnpermitted parameter: :group_id. Context: { controller: PaymentsController, action: create, request: #<ActionDispatch::Request:0x00007f91d2ecd680>, params: {"authenticity_token"=>"[FILTERED]", "payment"=>{"name"=>"matooke", "amount"=>"4000", "group_id"=>"1"}, "commit"=>"Create Payment", "controller"=>"payments", "action"=>"create", "group_id"=>"1"} }[0m
  [1m[36mUser Load (0.6ms)[0m  [1m[34mSELECT "users".* FROM "users" WHERE "users"."id" = $1 ORDER BY "users"."id" ASC LIMIT $2[0m  [["id", 1], ["LIMIT", 1]]
[31mUnpermitted parameter: :group_id. Context: { controller: PaymentsController, action: create, request: #<ActionDispatch::Request:0x00007f91d2ecd680>, params: {"authenticity_token"=>"[FILTERED]", "payment"=>{"name"=>"matooke", "amount"=>"4000", "group_id"=>"1"}, "commit"=>"Create Payment", "controller"=>"payments", "action"=>"create", "group_id"=>"1"} }[0m
[31mUnpermitted parameter: :group_id. Context: { controller: PaymentsController, action: create, request: #<ActionDispatch::Request:0x00007f91d2ecd680>, params: {"authenticity_token"=>"[FILTERED]", "payment"=>{"name"=>"matooke", "amount"=>"4000", "group_id"=>"1"}, "commit"=>"Create Payment", "controller"=>"payments", "action"=>"create", "group_id"=>"1"} }[0m
[31mUnpermitted parameter: :group_id. Context: { controller: PaymentsController, action: create, request: #<ActionDispatch::Request:0x00007f91d2ecd680>, params: {"authenticity_token"=>"[FILTERED]", "payment"=>{"name"=>"matooke", "amount"=>"4000", "group_id"=>"1"}, "commit"=>"Create Payment", "controller"=>"payments", "action"=>"create", "group_id"=>"1"} }[0m
  [1m[36mTRANSACTION (0.6ms)[0m  [1m[35mBEGIN[0m
  ↳ app/controllers/payments_controller.rb:29:in `create'
  [1m[36mUser Load (1.0ms)[0m  [1m[34mSELECT "users".* FROM "users" WHERE "users"."id" = $1 LIMIT $2[0m  [["id", 1], ["LIMIT", 1]]
  ↳ app/controllers/payments_controller.rb:29:in `create'
  [1m[36mPayment Create (2.1ms)[0m  [1m[32mINSERT INTO "payments" ("name", "amount", "created_at", "updated_at", "user_id") VALUES ($1, $2, $3, $4, $5) RETURNING "id"[0m  [["name", "matooke"], ["amount", "4000.0"], ["created_at", "2023-04-08 07:45:58.193068"], ["updated_at", "2023-04-08 07:45:58.193068"], ["user_id", 1]]
  ↳ app/controllers/payments_controller.rb:29:in `create'
  [1m[36mTRANSACTION (125.3ms)[0m  [1m[35mCOMMIT[0m
  ↳ app/controllers/payments_controller.rb:29:in `create'
  [1m[36mTRANSACTION (0.5ms)[0m  [1m[35mBEGIN[0m
  ↳ app/controllers/payments_controller.rb:32:in `create'
  [1m[36mGroup Load (1.1ms)[0m  [1m[34mSELECT "groups".* FROM "groups" WHERE "groups"."id" = $1 LIMIT $2[0m  [["id", 1], ["LIMIT", 1]]
  ↳ app/controllers/payments_controller.rb:32:in `create'
  [1m[36mPayment Load (0.8ms)[0m  [1m[34mSELECT "payments".* FROM "payments" WHERE "payments"."id" = $1 LIMIT $2[0m  [["id", 1], ["LIMIT", 1]]
  ↳ app/controllers/payments_controller.rb:32:in `create'
  [1m[36mGroupPayment Create (2.6ms)[0m  [1m[32mINSERT INTO "group_payments" ("created_at", "updated_at", "group_id", "payment_id") VALUES ($1, $2, $3, $4) RETURNING "id"[0m  [["created_at", "2023-04-08 07:45:58.366329"], ["updated_at", "2023-04-08 07:45:58.366329"], ["group_id", 1], ["payment_id", 1]]
  ↳ app/controllers/payments_controller.rb:32:in `create'
  [1m[36mTRANSACTION (50.4ms)[0m  [1m[35mCOMMIT[0m
  ↳ app/controllers/payments_controller.rb:32:in `create'
Redirected to http://localhost:3000/groups/1
Completed 302 Found in 265ms (ActiveRecord: 188.9ms | Allocations: 15763)


Started GET "/groups/1" for ::1 at 2023-04-08 10:45:58 +0300
Processing by GroupsController#show as TURBO_STREAM
  Parameters: {"id"=>"1"}
  [1m[36mGroup Load (0.8ms)[0m  [1m[34mSELECT "groups".* FROM "groups" WHERE "groups"."id" = $1 LIMIT $2[0m  [["id", 1], ["LIMIT", 1]]
  [1m[36mUser Load (0.8ms)[0m  [1m[34mSELECT "users".* FROM "users" WHERE "users"."id" = $1 ORDER BY "users"."id" ASC LIMIT $2[0m  [["id", 1], ["LIMIT", 1]]
  [1m[36mCACHE Group Load (0.0ms)[0m  [1m[34mSELECT "groups".* FROM "groups" WHERE "groups"."id" = $1 LIMIT $2[0m  [["id", 1], ["LIMIT", 1]]
  ↳ app/controllers/groups_controller.rb:70:in `set_group'
  [1m[36mCACHE Group Load (0.0ms)[0m  [1m[34mSELECT "groups".* FROM "groups" WHERE "groups"."id" = $1 LIMIT $2[0m  [["id", 1], ["LIMIT", 1]]
  ↳ app/controllers/groups_controller.rb:13:in `show'
  Rendering layout layouts/application.html.erb
  Rendering groups/show.html.erb within layouts/application
  [1m[36mPayment Sum (1.2ms)[0m  [1m[34mSELECT SUM("payments"."amount") FROM "payments" INNER JOIN "group_payments" ON "payments"."id" = "group_payments"."payment_id" WHERE "group_payments"."group_id" = $1[0m  [["group_id", 1]]
  ↳ app/models/group.rb:9:in `total_amount'
  Rendered groups/_group.html.erb (Duration: 16.1ms | Allocations: 1963)
  [1m[36mPayment Load (1.2ms)[0m  [1m[34mSELECT "payments".* FROM "payments" INNER JOIN "group_payments" ON "payments"."id" = "group_payments"."payment_id" WHERE "group_payments"."group_id" = $1 ORDER BY "payments"."created_at" DESC[0m  [["group_id", 1]]
  ↳ app/views/groups/show.html.erb:7
  Rendered groups/show.html.erb within layouts/application (Duration: 21.3ms | Allocations: 2917)
  Rendered layout layouts/application.html.erb (Duration: 31.7ms | Allocations: 6453)
Completed 200 OK in 53ms (Views: 30.5ms | ActiveRecord: 4.1ms | Allocations: 10612)


Started GET "/groups/1/payments/new" for ::1 at 2023-04-08 10:46:09 +0300
Processing by PaymentsController#new as HTML
  Parameters: {"group_id"=>"1"}
  [1m[36mUser Load (0.8ms)[0m  [1m[34mSELECT "users".* FROM "users" WHERE "users"."id" = $1 ORDER BY "users"."id" ASC LIMIT $2[0m  [["id", 1], ["LIMIT", 1]]
  [1m[36mGroup Load (0.9ms)[0m  [1m[34mSELECT "groups".* FROM "groups" WHERE "groups"."id" = $1 LIMIT $2[0m  [["id", 1], ["LIMIT", 1]]
  ↳ app/controllers/payments_controller.rb:16:in `new'
  Rendering layout layouts/application.html.erb
  Rendering payments/new.html.erb within layouts/application
  [1m[36mGroup Load (1.0ms)[0m  [1m[34mSELECT "groups".* FROM "groups"[0m
  ↳ app/views/payments/_form.html.erb:23:in `map'
  Rendered payments/_form.html.erb (Duration: 7.2ms | Allocations: 1398)
  Rendered payments/new.html.erb within layouts/application (Duration: 8.2ms | Allocations: 1523)
  Rendered layout layouts/application.html.erb (Duration: 22.5ms | Allocations: 5175)
Completed 200 OK in 41ms (Views: 22.8ms | ActiveRecord: 2.6ms | Allocations: 7919)


Started POST "/groups/1/payments" for ::1 at 2023-04-08 10:46:58 +0300
Processing by PaymentsController#create as TURBO_STREAM
  Parameters: {"authenticity_token"=>"[FILTERED]", "payment"=>{"name"=>"meet", "amount"=>"600", "group_id"=>"1"}, "commit"=>"Create Payment", "group_id"=>"1"}
[31mUnpermitted parameter: :group_id. Context: { controller: PaymentsController, action: create, request: #<ActionDispatch::Request:0x00007f91d1555ab8>, params: {"authenticity_token"=>"[FILTERED]", "payment"=>{"name"=>"meet", "amount"=>"600", "group_id"=>"1"}, "commit"=>"Create Payment", "controller"=>"payments", "action"=>"create", "group_id"=>"1"} }[0m
  [1m[36mUser Load (0.7ms)[0m  [1m[34mSELECT "users".* FROM "users" WHERE "users"."id" = $1 ORDER BY "users"."id" ASC LIMIT $2[0m  [["id", 1], ["LIMIT", 1]]
[31mUnpermitted parameter: :group_id. Context: { controller: PaymentsController, action: create, request: #<ActionDispatch::Request:0x00007f91d1555ab8>, params: {"authenticity_token"=>"[FILTERED]", "payment"=>{"name"=>"meet", "amount"=>"600", "group_id"=>"1"}, "commit"=>"Create Payment", "controller"=>"payments", "action"=>"create", "group_id"=>"1"} }[0m
[31mUnpermitted parameter: :group_id. Context: { controller: PaymentsController, action: create, request: #<ActionDispatch::Request:0x00007f91d1555ab8>, params: {"authenticity_token"=>"[FILTERED]", "payment"=>{"name"=>"meet", "amount"=>"600", "group_id"=>"1"}, "commit"=>"Create Payment", "controller"=>"payments", "action"=>"create", "group_id"=>"1"} }[0m
[31mUnpermitted parameter: :group_id. Context: { controller: PaymentsController, action: create, request: #<ActionDispatch::Request:0x00007f91d1555ab8>, params: {"authenticity_token"=>"[FILTERED]", "payment"=>{"name"=>"meet", "amount"=>"600", "group_id"=>"1"}, "commit"=>"Create Payment", "controller"=>"payments", "action"=>"create", "group_id"=>"1"} }[0m
  [1m[36mTRANSACTION (0.6ms)[0m  [1m[35mBEGIN[0m
  ↳ app/controllers/payments_controller.rb:29:in `create'
  [1m[36mUser Load (0.9ms)[0m  [1m[34mSELECT "users".* FROM "users" WHERE "users"."id" = $1 LIMIT $2[0m  [["id", 1], ["LIMIT", 1]]
  ↳ app/controllers/payments_controller.rb:29:in `create'
  [1m[36mPayment Create (1.4ms)[0m  [1m[32mINSERT INTO "payments" ("name", "amount", "created_at", "updated_at", "user_id") VALUES ($1, $2, $3, $4, $5) RETURNING "id"[0m  [["name", "meet"], ["amount", "600.0"], ["created_at", "2023-04-08 07:46:58.945878"], ["updated_at", "2023-04-08 07:46:58.945878"], ["user_id", 1]]
  ↳ app/controllers/payments_controller.rb:29:in `create'
  [1m[36mTRANSACTION (68.9ms)[0m  [1m[35mCOMMIT[0m
  ↳ app/controllers/payments_controller.rb:29:in `create'
  [1m[36mTRANSACTION (0.5ms)[0m  [1m[35mBEGIN[0m
  ↳ app/controllers/payments_controller.rb:32:in `create'
  [1m[36mGroup Load (0.5ms)[0m  [1m[34mSELECT "groups".* FROM "groups" WHERE "groups"."id" = $1 LIMIT $2[0m  [["id", 1], ["LIMIT", 1]]
  ↳ app/controllers/payments_controller.rb:32:in `create'
  [1m[36mPayment Load (0.9ms)[0m  [1m[34mSELECT "payments".* FROM "payments" WHERE "payments"."id" = $1 LIMIT $2[0m  [["id", 2], ["LIMIT", 1]]
  ↳ app/controllers/payments_controller.rb:32:in `create'
  [1m[36mGroupPayment Create (1.3ms)[0m  [1m[32mINSERT INTO "group_payments" ("created_at", "updated_at", "group_id", "payment_id") VALUES ($1, $2, $3, $4) RETURNING "id"[0m  [["created_at", "2023-04-08 07:46:59.035898"], ["updated_at", "2023-04-08 07:46:59.035898"], ["group_id", 1], ["payment_id", 2]]
  ↳ app/controllers/payments_controller.rb:32:in `create'
  [1m[36mTRANSACTION (54.0ms)[0m  [1m[35mCOMMIT[0m
  ↳ app/controllers/payments_controller.rb:32:in `create'
Redirected to http://localhost:3000/groups/1
Completed 302 Found in 177ms (ActiveRecord: 129.7ms | Allocations: 9574)


Started GET "/groups/1" for ::1 at 2023-04-08 10:46:59 +0300
Processing by GroupsController#show as TURBO_STREAM
  Parameters: {"id"=>"1"}
  [1m[36mGroup Load (0.5ms)[0m  [1m[34mSELECT "groups".* FROM "groups" WHERE "groups"."id" = $1 LIMIT $2[0m  [["id", 1], ["LIMIT", 1]]
  [1m[36mUser Load (0.3ms)[0m  [1m[34mSELECT "users".* FROM "users" WHERE "users"."id" = $1 ORDER BY "users"."id" ASC LIMIT $2[0m  [["id", 1], ["LIMIT", 1]]
  [1m[36mCACHE Group Load (0.0ms)[0m  [1m[34mSELECT "groups".* FROM "groups" WHERE "groups"."id" = $1 LIMIT $2[0m  [["id", 1], ["LIMIT", 1]]
  ↳ app/controllers/groups_controller.rb:70:in `set_group'
  [1m[36mCACHE Group Load (0.0ms)[0m  [1m[34mSELECT "groups".* FROM "groups" WHERE "groups"."id" = $1 LIMIT $2[0m  [["id", 1], ["LIMIT", 1]]
  ↳ app/controllers/groups_controller.rb:13:in `show'
  Rendering layout layouts/application.html.erb
  Rendering groups/show.html.erb within layouts/application
  [1m[36mPayment Sum (0.6ms)[0m  [1m[34mSELECT SUM("payments"."amount") FROM "payments" INNER JOIN "group_payments" ON "payments"."id" = "group_payments"."payment_id" WHERE "group_payments"."group_id" = $1[0m  [["group_id", 1]]
  ↳ app/models/group.rb:9:in `total_amount'
  Rendered groups/_group.html.erb (Duration: 7.0ms | Allocations: 1956)
  [1m[36mPayment Load (0.9ms)[0m  [1m[34mSELECT "payments".* FROM "payments" INNER JOIN "group_payments" ON "payments"."id" = "group_payments"."payment_id" WHERE "group_payments"."group_id" = $1 ORDER BY "payments"."created_at" DESC[0m  [["group_id", 1]]
  ↳ app/views/groups/show.html.erb:7
  Rendered groups/show.html.erb within layouts/application (Duration: 12.7ms | Allocations: 2985)
  Rendered layout layouts/application.html.erb (Duration: 21.4ms | Allocations: 6484)
Completed 200 OK in 36ms (Views: 20.7ms | ActiveRecord: 2.4ms | Allocations: 10675)


Started GET "/groups" for ::1 at 2023-04-08 10:47:09 +0300
Processing by GroupsController#index as HTML
  [1m[36mUser Load (0.6ms)[0m  [1m[34mSELECT "users".* FROM "users" WHERE "users"."id" = $1 ORDER BY "users"."id" ASC LIMIT $2[0m  [["id", 1], ["LIMIT", 1]]
  [1m[36mGroup Load (0.8ms)[0m  [1m[34mSELECT "groups".* FROM "groups" WHERE "groups"."user_id" = $1[0m  [["user_id", 1]]
  ↳ app/controllers/groups_controller.rb:8:in `flat_map'
  [1m[36mGroupPayment Load (0.7ms)[0m  [1m[34mSELECT "group_payments".* FROM "group_payments" WHERE "group_payments"."group_id" = $1[0m  [["group_id", 1]]
  ↳ app/controllers/groups_controller.rb:8:in `flat_map'
  [1m[36mPayment Load (1.2ms)[0m  [1m[34mSELECT "payments".* FROM "payments" INNER JOIN "group_payments" ON "payments"."id" = "group_payments"."payment_id" WHERE "group_payments"."group_id" = $1[0m  [["group_id", 1]]
  ↳ app/controllers/groups_controller.rb:8:in `flat_map'
  Rendering layout layouts/application.html.erb
  Rendering groups/index.html.erb within layouts/application
  [1m[36mActiveStorage::Attachment Load (1.4ms)[0m  [1m[34mSELECT "active_storage_attachments".* FROM "active_storage_attachments" WHERE "active_storage_attachments"."record_id" = $1 AND "active_storage_attachments"."record_type" = $2 AND "active_storage_attachments"."name" = $3 LIMIT $4[0m  [["record_id", 1], ["record_type", "User"], ["name", "avatar"], ["LIMIT", 1]]
  ↳ app/views/groups/index.html.erb:7
  [1m[36mPayment Sum (1.0ms)[0m  [1m[34mSELECT SUM("payments"."amount") FROM "payments" INNER JOIN "group_payments" ON "payments"."id" = "group_payments"."payment_id" WHERE "group_payments"."group_id" = $1[0m  [["group_id", 1]]
  ↳ app/models/group.rb:9:in `total_amount'
  Rendered groups/index.html.erb within layouts/application (Duration: 19.9ms | Allocations: 4320)
  Rendered layout layouts/application.html.erb (Duration: 26.9ms | Allocations: 7687)
Completed 200 OK in 52ms (Views: 25.6ms | ActiveRecord: 5.7ms | Allocations: 12381)


Started GET "/groups/new" for ::1 at 2023-04-08 10:47:20 +0300
Processing by GroupsController#new as HTML
  [1m[36mUser Load (0.7ms)[0m  [1m[34mSELECT "users".* FROM "users" WHERE "users"."id" = $1 ORDER BY "users"."id" ASC LIMIT $2[0m  [["id", 1], ["LIMIT", 1]]
  Rendering layout layouts/application.html.erb
  Rendering groups/new.html.erb within layouts/application
  Rendered groups/_form.html.erb (Duration: 7.2ms | Allocations: 2091)
  Rendered groups/new.html.erb within layouts/application (Duration: 7.9ms | Allocations: 2201)
  Rendered layout layouts/application.html.erb (Duration: 16.1ms | Allocations: 5541)
Completed 200 OK in 33ms (Views: 17.7ms | ActiveRecord: 0.7ms | Allocations: 7756)


Started POST "/groups" for ::1 at 2023-04-08 10:47:47 +0300
Processing by GroupsController#create as TURBO_STREAM
  Parameters: {"authenticity_token"=>"[FILTERED]", "group"=>{"name"=>"drinks", "icon"=>"https://cdn-icons-png.flaticon.com/512/2053/2053603.png"}, "commit"=>"Create Group"}
  [1m[36mUser Load (0.6ms)[0m  [1m[34mSELECT "users".* FROM "users" WHERE "users"."id" = $1 ORDER BY "users"."id" ASC LIMIT $2[0m  [["id", 1], ["LIMIT", 1]]
  [1m[36mTRANSACTION (0.6ms)[0m  [1m[35mBEGIN[0m
  ↳ app/controllers/groups_controller.rb:27:in `block in create'
  [1m[36mUser Load (0.8ms)[0m  [1m[34mSELECT "users".* FROM "users" WHERE "users"."id" = $1 LIMIT $2[0m  [["id", 1], ["LIMIT", 1]]
  ↳ app/controllers/groups_controller.rb:27:in `block in create'
  [1m[36mGroup Create (1.6ms)[0m  [1m[32mINSERT INTO "groups" ("name", "icon", "created_at", "updated_at", "user_id") VALUES ($1, $2, $3, $4, $5) RETURNING "id"[0m  [["name", "drinks"], ["icon", "https://cdn-icons-png.flaticon.com/512/2053/2053603.png"], ["created_at", "2023-04-08 07:47:47.375534"], ["updated_at", "2023-04-08 07:47:47.375534"], ["user_id", 1]]
  ↳ app/controllers/groups_controller.rb:27:in `block in create'
  [1m[36mTRANSACTION (40.4ms)[0m  [1m[35mCOMMIT[0m
  ↳ app/controllers/groups_controller.rb:27:in `block in create'
Redirected to http://localhost:3000/groups/2
Completed 302 Found in 74ms (ActiveRecord: 44.0ms | Allocations: 5460)


Started GET "/groups/2" for ::1 at 2023-04-08 10:47:47 +0300
Processing by GroupsController#show as TURBO_STREAM
  Parameters: {"id"=>"2"}
  [1m[36mGroup Load (0.3ms)[0m  [1m[34mSELECT "groups".* FROM "groups" WHERE "groups"."id" = $1 LIMIT $2[0m  [["id", 2], ["LIMIT", 1]]
  [1m[36mUser Load (0.4ms)[0m  [1m[34mSELECT "users".* FROM "users" WHERE "users"."id" = $1 ORDER BY "users"."id" ASC LIMIT $2[0m  [["id", 1], ["LIMIT", 1]]
  [1m[36mCACHE Group Load (0.0ms)[0m  [1m[34mSELECT "groups".* FROM "groups" WHERE "groups"."id" = $1 LIMIT $2[0m  [["id", 2], ["LIMIT", 1]]
  ↳ app/controllers/groups_controller.rb:70:in `set_group'
  [1m[36mCACHE Group Load (0.0ms)[0m  [1m[34mSELECT "groups".* FROM "groups" WHERE "groups"."id" = $1 LIMIT $2[0m  [["id", 2], ["LIMIT", 1]]
  ↳ app/controllers/groups_controller.rb:13:in `show'
  Rendering layout layouts/application.html.erb
  Rendering groups/show.html.erb within layouts/application
  [1m[36mPayment Sum (0.4ms)[0m  [1m[34mSELECT SUM("payments"."amount") FROM "payments" INNER JOIN "group_payments" ON "payments"."id" = "group_payments"."payment_id" WHERE "group_payments"."group_id" = $1[0m  [["group_id", 2]]
  ↳ app/models/group.rb:9:in `total_amount'
  Rendered groups/_group.html.erb (Duration: 7.6ms | Allocations: 1960)
  [1m[36mPayment Load (0.6ms)[0m  [1m[34mSELECT "payments".* FROM "payments" INNER JOIN "group_payments" ON "payments"."id" = "group_payments"."payment_id" WHERE "group_payments"."group_id" = $1 ORDER BY "payments"."created_at" DESC[0m  [["group_id", 2]]
  ↳ app/views/groups/show.html.erb:7
  Rendered groups/show.html.erb within layouts/application (Duration: 11.8ms | Allocations: 2805)
  Rendered layout layouts/application.html.erb (Duration: 18.2ms | Allocations: 6340)
Completed 200 OK in 31ms (Views: 18.0ms | ActiveRecord: 1.7ms | Allocations: 10536)


Started GET "/groups/2/payments/new" for ::1 at 2023-04-08 10:47:51 +0300
Processing by PaymentsController#new as HTML
  Parameters: {"group_id"=>"2"}
  [1m[36mUser Load (0.6ms)[0m  [1m[34mSELECT "users".* FROM "users" WHERE "users"."id" = $1 ORDER BY "users"."id" ASC LIMIT $2[0m  [["id", 1], ["LIMIT", 1]]
  [1m[36mGroup Load (0.6ms)[0m  [1m[34mSELECT "groups".* FROM "groups" WHERE "groups"."id" = $1 LIMIT $2[0m  [["id", 2], ["LIMIT", 1]]
  ↳ app/controllers/payments_controller.rb:16:in `new'
  Rendering layout layouts/application.html.erb
  Rendering payments/new.html.erb within layouts/application
  [1m[36mGroup Load (0.9ms)[0m  [1m[34mSELECT "groups".* FROM "groups"[0m
  ↳ app/views/payments/_form.html.erb:23:in `map'
  Rendered payments/_form.html.erb (Duration: 7.3ms | Allocations: 1437)
  Rendered payments/new.html.erb within layouts/application (Duration: 8.4ms | Allocations: 1562)
  Rendered layout layouts/application.html.erb (Duration: 20.2ms | Allocations: 5205)
Completed 200 OK in 37ms (Views: 20.8ms | ActiveRecord: 2.2ms | Allocations: 7950)


Started POST "/groups/2/payments" for ::1 at 2023-04-08 10:48:02 +0300
Processing by PaymentsController#create as TURBO_STREAM
  Parameters: {"authenticity_token"=>"[FILTERED]", "payment"=>{"name"=>"soda ", "amount"=>"5000", "group_id"=>"2"}, "commit"=>"Create Payment", "group_id"=>"2"}
[31mUnpermitted parameter: :group_id. Context: { controller: PaymentsController, action: create, request: #<ActionDispatch::Request:0x00007f91d15865f0>, params: {"authenticity_token"=>"[FILTERED]", "payment"=>{"name"=>"soda ", "amount"=>"5000", "group_id"=>"2"}, "commit"=>"Create Payment", "controller"=>"payments", "action"=>"create", "group_id"=>"2"} }[0m
  [1m[36mUser Load (0.6ms)[0m  [1m[34mSELECT "users".* FROM "users" WHERE "users"."id" = $1 ORDER BY "users"."id" ASC LIMIT $2[0m  [["id", 1], ["LIMIT", 1]]
[31mUnpermitted parameter: :group_id. Context: { controller: PaymentsController, action: create, request: #<ActionDispatch::Request:0x00007f91d15865f0>, params: {"authenticity_token"=>"[FILTERED]", "payment"=>{"name"=>"soda ", "amount"=>"5000", "group_id"=>"2"}, "commit"=>"Create Payment", "controller"=>"payments", "action"=>"create", "group_id"=>"2"} }[0m
[31mUnpermitted parameter: :group_id. Context: { controller: PaymentsController, action: create, request: #<ActionDispatch::Request:0x00007f91d15865f0>, params: {"authenticity_token"=>"[FILTERED]", "payment"=>{"name"=>"soda ", "amount"=>"5000", "group_id"=>"2"}, "commit"=>"Create Payment", "controller"=>"payments", "action"=>"create", "group_id"=>"2"} }[0m
[31mUnpermitted parameter: :group_id. Context: { controller: PaymentsController, action: create, request: #<ActionDispatch::Request:0x00007f91d15865f0>, params: {"authenticity_token"=>"[FILTERED]", "payment"=>{"name"=>"soda ", "amount"=>"5000", "group_id"=>"2"}, "commit"=>"Create Payment", "controller"=>"payments", "action"=>"create", "group_id"=>"2"} }[0m
  [1m[36mTRANSACTION (0.5ms)[0m  [1m[35mBEGIN[0m
  ↳ app/controllers/payments_controller.rb:29:in `create'
  [1m[36mUser Load (0.9ms)[0m  [1m[34mSELECT "users".* FROM "users" WHERE "users"."id" = $1 LIMIT $2[0m  [["id", 1], ["LIMIT", 1]]
  ↳ app/controllers/payments_controller.rb:29:in `create'
  [1m[36mPayment Create (1.5ms)[0m  [1m[32mINSERT INTO "payments" ("name", "amount", "created_at", "updated_at", "user_id") VALUES ($1, $2, $3, $4, $5) RETURNING "id"[0m  [["name", "soda "], ["amount", "5000.0"], ["created_at", "2023-04-08 07:48:02.378176"], ["updated_at", "2023-04-08 07:48:02.378176"], ["user_id", 1]]
  ↳ app/controllers/payments_controller.rb:29:in `create'
  [1m[36mTRANSACTION (79.3ms)[0m  [1m[35mCOMMIT[0m
  ↳ app/controllers/payments_controller.rb:29:in `create'
  [1m[36mTRANSACTION (0.5ms)[0m  [1m[35mBEGIN[0m
  ↳ app/controllers/payments_controller.rb:32:in `create'
  [1m[36mGroup Load (0.5ms)[0m  [1m[34mSELECT "groups".* FROM "groups" WHERE "groups"."id" = $1 LIMIT $2[0m  [["id", 2], ["LIMIT", 1]]
  ↳ app/controllers/payments_controller.rb:32:in `create'
  [1m[36mPayment Load (0.7ms)[0m  [1m[34mSELECT "payments".* FROM "payments" WHERE "payments"."id" = $1 LIMIT $2[0m  [["id", 3], ["LIMIT", 1]]
  ↳ app/controllers/payments_controller.rb:32:in `create'
  [1m[36mGroupPayment Create (1.3ms)[0m  [1m[32mINSERT INTO "group_payments" ("created_at", "updated_at", "group_id", "payment_id") VALUES ($1, $2, $3, $4) RETURNING "id"[0m  [["created_at", "2023-04-08 07:48:02.477972"], ["updated_at", "2023-04-08 07:48:02.477972"], ["group_id", 2], ["payment_id", 3]]
  ↳ app/controllers/payments_controller.rb:32:in `create'
  [1m[36mTRANSACTION (44.9ms)[0m  [1m[35mCOMMIT[0m
  ↳ app/controllers/payments_controller.rb:32:in `create'
Redirected to http://localhost:3000/groups/2
Completed 302 Found in 178ms (ActiveRecord: 130.6ms | Allocations: 9588)


Started GET "/groups/2" for ::1 at 2023-04-08 10:48:02 +0300
Processing by GroupsController#show as TURBO_STREAM
  Parameters: {"id"=>"2"}
  [1m[36mGroup Load (0.5ms)[0m  [1m[34mSELECT "groups".* FROM "groups" WHERE "groups"."id" = $1 LIMIT $2[0m  [["id", 2], ["LIMIT", 1]]
  [1m[36mUser Load (0.6ms)[0m  [1m[34mSELECT "users".* FROM "users" WHERE "users"."id" = $1 ORDER BY "users"."id" ASC LIMIT $2[0m  [["id", 1], ["LIMIT", 1]]
  [1m[36mCACHE Group Load (0.0ms)[0m  [1m[34mSELECT "groups".* FROM "groups" WHERE "groups"."id" = $1 LIMIT $2[0m  [["id", 2], ["LIMIT", 1]]
  ↳ app/controllers/groups_controller.rb:70:in `set_group'
  [1m[36mCACHE Group Load (0.0ms)[0m  [1m[34mSELECT "groups".* FROM "groups" WHERE "groups"."id" = $1 LIMIT $2[0m  [["id", 2], ["LIMIT", 1]]
  ↳ app/controllers/groups_controller.rb:13:in `show'
  Rendering layout layouts/application.html.erb
  Rendering groups/show.html.erb within layouts/application
  [1m[36mPayment Sum (0.7ms)[0m  [1m[34mSELECT SUM("payments"."amount") FROM "payments" INNER JOIN "group_payments" ON "payments"."id" = "group_payments"."payment_id" WHERE "group_payments"."group_id" = $1[0m  [["group_id", 2]]
  ↳ app/models/group.rb:9:in `total_amount'
  Rendered groups/_group.html.erb (Duration: 5.6ms | Allocations: 1956)
  [1m[36mPayment Load (1.0ms)[0m  [1m[34mSELECT "payments".* FROM "payments" INNER JOIN "group_payments" ON "payments"."id" = "group_payments"."payment_id" WHERE "group_payments"."group_id" = $1 ORDER BY "payments"."created_at" DESC[0m  [["group_id", 2]]
  ↳ app/views/groups/show.html.erb:7
  Rendered groups/show.html.erb within layouts/application (Duration: 10.6ms | Allocations: 2899)
  Rendered layout layouts/application.html.erb (Duration: 22.1ms | Allocations: 6432)
Completed 200 OK in 42ms (Views: 21.1ms | ActiveRecord: 3.0ms | Allocations: 10599)


Started GET "/groups/2/payments/new" for ::1 at 2023-04-08 10:48:05 +0300
Processing by PaymentsController#new as HTML
  Parameters: {"group_id"=>"2"}
  [1m[36mUser Load (0.4ms)[0m  [1m[34mSELECT "users".* FROM "users" WHERE "users"."id" = $1 ORDER BY "users"."id" ASC LIMIT $2[0m  [["id", 1], ["LIMIT", 1]]
  [1m[36mGroup Load (0.7ms)[0m  [1m[34mSELECT "groups".* FROM "groups" WHERE "groups"."id" = $1 LIMIT $2[0m  [["id", 2], ["LIMIT", 1]]
  ↳ app/controllers/payments_controller.rb:16:in `new'
  Rendering layout layouts/application.html.erb
  Rendering payments/new.html.erb within layouts/application
  [1m[36mGroup Load (0.7ms)[0m  [1m[34mSELECT "groups".* FROM "groups"[0m
  ↳ app/views/payments/_form.html.erb:23:in `map'
  Rendered payments/_form.html.erb (Duration: 6.8ms | Allocations: 1437)
  Rendered payments/new.html.erb within layouts/application (Duration: 7.7ms | Allocations: 1562)
  Rendered layout layouts/application.html.erb (Duration: 18.7ms | Allocations: 5215)
Completed 200 OK in 34ms (Views: 20.0ms | ActiveRecord: 1.8ms | Allocations: 7963)


Started POST "/groups/2/payments" for ::1 at 2023-04-08 10:48:14 +0300
Processing by PaymentsController#create as TURBO_STREAM
  Parameters: {"authenticity_token"=>"[FILTERED]", "payment"=>{"name"=>"water", "amount"=>"7000", "group_id"=>"2"}, "commit"=>"Create Payment", "group_id"=>"2"}
[31mUnpermitted parameter: :group_id. Context: { controller: PaymentsController, action: create, request: #<ActionDispatch::Request:0x00007f91d07a1f48>, params: {"authenticity_token"=>"[FILTERED]", "payment"=>{"name"=>"water", "amount"=>"7000", "group_id"=>"2"}, "commit"=>"Create Payment", "controller"=>"payments", "action"=>"create", "group_id"=>"2"} }[0m
  [1m[36mUser Load (0.6ms)[0m  [1m[34mSELECT "users".* FROM "users" WHERE "users"."id" = $1 ORDER BY "users"."id" ASC LIMIT $2[0m  [["id", 1], ["LIMIT", 1]]
[31mUnpermitted parameter: :group_id. Context: { controller: PaymentsController, action: create, request: #<ActionDispatch::Request:0x00007f91d07a1f48>, params: {"authenticity_token"=>"[FILTERED]", "payment"=>{"name"=>"water", "amount"=>"7000", "group_id"=>"2"}, "commit"=>"Create Payment", "controller"=>"payments", "action"=>"create", "group_id"=>"2"} }[0m
[31mUnpermitted parameter: :group_id. Context: { controller: PaymentsController, action: create, request: #<ActionDispatch::Request:0x00007f91d07a1f48>, params: {"authenticity_token"=>"[FILTERED]", "payment"=>{"name"=>"water", "amount"=>"7000", "group_id"=>"2"}, "commit"=>"Create Payment", "controller"=>"payments", "action"=>"create", "group_id"=>"2"} }[0m
[31mUnpermitted parameter: :group_id. Context: { controller: PaymentsController, action: create, request: #<ActionDispatch::Request:0x00007f91d07a1f48>, params: {"authenticity_token"=>"[FILTERED]", "payment"=>{"name"=>"water", "amount"=>"7000", "group_id"=>"2"}, "commit"=>"Create Payment", "controller"=>"payments", "action"=>"create", "group_id"=>"2"} }[0m
  [1m[36mTRANSACTION (0.5ms)[0m  [1m[35mBEGIN[0m
  ↳ app/controllers/payments_controller.rb:29:in `create'
  [1m[36mUser Load (1.1ms)[0m  [1m[34mSELECT "users".* FROM "users" WHERE "users"."id" = $1 LIMIT $2[0m  [["id", 1], ["LIMIT", 1]]
  ↳ app/controllers/payments_controller.rb:29:in `create'
  [1m[36mPayment Create (1.5ms)[0m  [1m[32mINSERT INTO "payments" ("name", "amount", "created_at", "updated_at", "user_id") VALUES ($1, $2, $3, $4, $5) RETURNING "id"[0m  [["name", "water"], ["amount", "7000.0"], ["created_at", "2023-04-08 07:48:14.386498"], ["updated_at", "2023-04-08 07:48:14.386498"], ["user_id", 1]]
  ↳ app/controllers/payments_controller.rb:29:in `create'
  [1m[36mTRANSACTION (107.8ms)[0m  [1m[35mCOMMIT[0m
  ↳ app/controllers/payments_controller.rb:29:in `create'
  [1m[36mTRANSACTION (0.6ms)[0m  [1m[35mBEGIN[0m
  ↳ app/controllers/payments_controller.rb:32:in `create'
  [1m[36mGroup Load (0.7ms)[0m  [1m[34mSELECT "groups".* FROM "groups" WHERE "groups"."id" = $1 LIMIT $2[0m  [["id", 2], ["LIMIT", 1]]
  ↳ app/controllers/payments_controller.rb:32:in `create'
  [1m[36mPayment Load (1.0ms)[0m  [1m[34mSELECT "payments".* FROM "payments" WHERE "payments"."id" = $1 LIMIT $2[0m  [["id", 4], ["LIMIT", 1]]
  ↳ app/controllers/payments_controller.rb:32:in `create'
  [1m[36mGroupPayment Create (1.4ms)[0m  [1m[32mINSERT INTO "group_payments" ("created_at", "updated_at", "group_id", "payment_id") VALUES ($1, $2, $3, $4) RETURNING "id"[0m  [["created_at", "2023-04-08 07:48:14.516003"], ["updated_at", "2023-04-08 07:48:14.516003"], ["group_id", 2], ["payment_id", 4]]
  ↳ app/controllers/payments_controller.rb:32:in `create'
  [1m[36mTRANSACTION (62.5ms)[0m  [1m[35mCOMMIT[0m
  ↳ app/controllers/payments_controller.rb:32:in `create'
Redirected to http://localhost:3000/groups/2
Completed 302 Found in 229ms (ActiveRecord: 177.8ms | Allocations: 9567)


Started GET "/groups/2" for ::1 at 2023-04-08 10:48:14 +0300
Processing by GroupsController#show as TURBO_STREAM
  Parameters: {"id"=>"2"}
  [1m[36mGroup Load (0.5ms)[0m  [1m[34mSELECT "groups".* FROM "groups" WHERE "groups"."id" = $1 LIMIT $2[0m  [["id", 2], ["LIMIT", 1]]
  [1m[36mUser Load (0.8ms)[0m  [1m[34mSELECT "users".* FROM "users" WHERE "users"."id" = $1 ORDER BY "users"."id" ASC LIMIT $2[0m  [["id", 1], ["LIMIT", 1]]
  [1m[36mCACHE Group Load (0.0ms)[0m  [1m[34mSELECT "groups".* FROM "groups" WHERE "groups"."id" = $1 LIMIT $2[0m  [["id", 2], ["LIMIT", 1]]
  ↳ app/controllers/groups_controller.rb:70:in `set_group'
  [1m[36mCACHE Group Load (0.1ms)[0m  [1m[34mSELECT "groups".* FROM "groups" WHERE "groups"."id" = $1 LIMIT $2[0m  [["id", 2], ["LIMIT", 1]]
  ↳ app/controllers/groups_controller.rb:13:in `show'
  Rendering layout layouts/application.html.erb
  Rendering groups/show.html.erb within layouts/application
  [1m[36mPayment Sum (0.9ms)[0m  [1m[34mSELECT SUM("payments"."amount") FROM "payments" INNER JOIN "group_payments" ON "payments"."id" = "group_payments"."payment_id" WHERE "group_payments"."group_id" = $1[0m  [["group_id", 2]]
  ↳ app/models/group.rb:9:in `total_amount'
  Rendered groups/_group.html.erb (Duration: 11.2ms | Allocations: 1957)
  [1m[36mPayment Load (0.9ms)[0m  [1m[34mSELECT "payments".* FROM "payments" INNER JOIN "group_payments" ON "payments"."id" = "group_payments"."payment_id" WHERE "group_payments"."group_id" = $1 ORDER BY "payments"."created_at" DESC[0m  [["group_id", 2]]
  ↳ app/views/groups/show.html.erb:7
  Rendered groups/show.html.erb within layouts/application (Duration: 17.1ms | Allocations: 2986)
  Rendered layout layouts/application.html.erb (Duration: 27.5ms | Allocations: 6484)
Completed 200 OK in 49ms (Views: 26.8ms | ActiveRecord: 3.2ms | Allocations: 10672)


Started GET "/groups" for ::1 at 2023-04-08 10:48:20 +0300
Processing by GroupsController#index as HTML
  [1m[36mUser Load (0.5ms)[0m  [1m[34mSELECT "users".* FROM "users" WHERE "users"."id" = $1 ORDER BY "users"."id" ASC LIMIT $2[0m  [["id", 1], ["LIMIT", 1]]
  [1m[36mGroup Load (1.1ms)[0m  [1m[34mSELECT "groups".* FROM "groups" WHERE "groups"."user_id" = $1[0m  [["user_id", 1]]
  ↳ app/controllers/groups_controller.rb:8:in `flat_map'
  [1m[36mGroupPayment Load (1.0ms)[0m  [1m[34mSELECT "group_payments".* FROM "group_payments" WHERE "group_payments"."group_id" IN ($1, $2)[0m  [["group_id", 1], ["group_id", 2]]
  ↳ app/controllers/groups_controller.rb:8:in `flat_map'
  [1m[36mPayment Load (1.1ms)[0m  [1m[34mSELECT "payments".* FROM "payments" INNER JOIN "group_payments" ON "payments"."id" = "group_payments"."payment_id" WHERE "group_payments"."group_id" = $1[0m  [["group_id", 1]]
  ↳ app/controllers/groups_controller.rb:8:in `flat_map'
  [1m[36mPayment Load (1.2ms)[0m  [1m[34mSELECT "payments".* FROM "payments" INNER JOIN "group_payments" ON "payments"."id" = "group_payments"."payment_id" WHERE "group_payments"."group_id" = $1[0m  [["group_id", 2]]
  ↳ app/controllers/groups_controller.rb:8:in `flat_map'
  Rendering layout layouts/application.html.erb
  Rendering groups/index.html.erb within layouts/application
  [1m[36mActiveStorage::Attachment Load (0.7ms)[0m  [1m[34mSELECT "active_storage_attachments".* FROM "active_storage_attachments" WHERE "active_storage_attachments"."record_id" = $1 AND "active_storage_attachments"."record_type" = $2 AND "active_storage_attachments"."name" = $3 LIMIT $4[0m  [["record_id", 1], ["record_type", "User"], ["name", "avatar"], ["LIMIT", 1]]
  ↳ app/views/groups/index.html.erb:7
  [1m[36mPayment Sum (0.7ms)[0m  [1m[34mSELECT SUM("payments"."amount") FROM "payments" INNER JOIN "group_payments" ON "payments"."id" = "group_payments"."payment_id" WHERE "group_payments"."group_id" = $1[0m  [["group_id", 1]]
  ↳ app/models/group.rb:9:in `total_amount'
  [1m[36mPayment Sum (0.6ms)[0m  [1m[34mSELECT SUM("payments"."amount") FROM "payments" INNER JOIN "group_payments" ON "payments"."id" = "group_payments"."payment_id" WHERE "group_payments"."group_id" = $1[0m  [["group_id", 2]]
  ↳ app/models/group.rb:9:in `total_amount'
  Rendered groups/index.html.erb within layouts/application (Duration: 23.9ms | Allocations: 5106)
  Rendered layout layouts/application.html.erb (Duration: 29.9ms | Allocations: 8479)
Completed 200 OK in 72ms (Views: 29.1ms | ActiveRecord: 6.9ms | Allocations: 14114)


Started GET "/users/1/edit" for ::1 at 2023-04-08 11:43:21 +0300
  [1m[36mActiveRecord::SchemaMigration Pluck (0.9ms)[0m  [1m[34mSELECT "schema_migrations"."version" FROM "schema_migrations" ORDER BY "schema_migrations"."version" ASC[0m
Processing by UsersController#edit as HTML
  Parameters: {"id"=>"1"}
  [1m[36mUser Load (0.7ms)[0m  [1m[34mSELECT "users".* FROM "users" WHERE "users"."id" = $1 LIMIT $2[0m  [["id", 1], ["LIMIT", 1]]
  ↳ app/controllers/users_controller.rb:65:in `set_user'
  Rendering layout layouts/application.html.erb
  Rendering users/edit.html.erb within layouts/application
  Rendered users/_form.html.erb (Duration: 51.5ms | Allocations: 6306)
  Rendered users/edit.html.erb within layouts/application (Duration: 53.5ms | Allocations: 6774)
  Rendered layout layouts/application.html.erb (Duration: 122.8ms | Allocations: 46027)
Completed 200 OK in 165ms (Views: 125.4ms | ActiveRecord: 6.4ms | Allocations: 60869)


Started GET "/groups" for ::1 at 2023-04-08 11:43:35 +0300
Processing by GroupsController#index as HTML
  [1m[36mUser Load (0.4ms)[0m  [1m[34mSELECT "users".* FROM "users" WHERE "users"."id" = $1 ORDER BY "users"."id" ASC LIMIT $2[0m  [["id", 1], ["LIMIT", 1]]
  [1m[36mGroup Load (0.5ms)[0m  [1m[34mSELECT "groups".* FROM "groups" WHERE "groups"."user_id" = $1[0m  [["user_id", 1]]
  ↳ app/controllers/groups_controller.rb:8:in `flat_map'
  [1m[36mGroupPayment Load (0.6ms)[0m  [1m[34mSELECT "group_payments".* FROM "group_payments" WHERE "group_payments"."group_id" IN ($1, $2)[0m  [["group_id", 1], ["group_id", 2]]
  ↳ app/controllers/groups_controller.rb:8:in `flat_map'
  [1m[36mPayment Load (1.3ms)[0m  [1m[34mSELECT "payments".* FROM "payments" INNER JOIN "group_payments" ON "payments"."id" = "group_payments"."payment_id" WHERE "group_payments"."group_id" = $1[0m  [["group_id", 1]]
  ↳ app/controllers/groups_controller.rb:8:in `flat_map'
  [1m[36mPayment Load (0.5ms)[0m  [1m[34mSELECT "payments".* FROM "payments" INNER JOIN "group_payments" ON "payments"."id" = "group_payments"."payment_id" WHERE "group_payments"."group_id" = $1[0m  [["group_id", 2]]
  ↳ app/controllers/groups_controller.rb:8:in `flat_map'
  Rendering layout layouts/application.html.erb
  Rendering groups/index.html.erb within layouts/application
  [1m[36mActiveStorage::Attachment Load (0.7ms)[0m  [1m[34mSELECT "active_storage_attachments".* FROM "active_storage_attachments" WHERE "active_storage_attachments"."record_id" = $1 AND "active_storage_attachments"."record_type" = $2 AND "active_storage_attachments"."name" = $3 LIMIT $4[0m  [["record_id", 1], ["record_type", "User"], ["name", "avatar"], ["LIMIT", 1]]
  ↳ app/views/groups/index.html.erb:7
  [1m[36mPayment Sum (0.5ms)[0m  [1m[34mSELECT SUM("payments"."amount") FROM "payments" INNER JOIN "group_payments" ON "payments"."id" = "group_payments"."payment_id" WHERE "group_payments"."group_id" = $1[0m  [["group_id", 1]]
  ↳ app/models/group.rb:9:in `total_amount'
  [1m[36mPayment Sum (0.6ms)[0m  [1m[34mSELECT SUM("payments"."amount") FROM "payments" INNER JOIN "group_payments" ON "payments"."id" = "group_payments"."payment_id" WHERE "group_payments"."group_id" = $1[0m  [["group_id", 2]]
  ↳ app/models/group.rb:9:in `total_amount'
  Rendered groups/index.html.erb within layouts/application (Duration: 31.1ms | Allocations: 9018)
  Rendered layout layouts/application.html.erb (Duration: 35.9ms | Allocations: 12451)
Completed 200 OK in 128ms (Views: 34.7ms | ActiveRecord: 18.3ms | Allocations: 37951)


Started GET "/" for ::1 at 2023-04-08 11:43:41 +0300
  [1m[36mUser Load (0.6ms)[0m  [1m[34mSELECT "users".* FROM "users" WHERE "users"."id" = $1 ORDER BY "users"."id" ASC LIMIT $2[0m  [["id", 1], ["LIMIT", 1]]
Processing by GroupsController#index as HTML
  [1m[36mGroup Load (0.6ms)[0m  [1m[34mSELECT "groups".* FROM "groups" WHERE "groups"."user_id" = $1[0m  [["user_id", 1]]
  ↳ app/controllers/groups_controller.rb:8:in `flat_map'
  [1m[36mGroupPayment Load (0.9ms)[0m  [1m[34mSELECT "group_payments".* FROM "group_payments" WHERE "group_payments"."group_id" IN ($1, $2)[0m  [["group_id", 1], ["group_id", 2]]
  ↳ app/controllers/groups_controller.rb:8:in `flat_map'
  [1m[36mPayment Load (0.9ms)[0m  [1m[34mSELECT "payments".* FROM "payments" INNER JOIN "group_payments" ON "payments"."id" = "group_payments"."payment_id" WHERE "group_payments"."group_id" = $1[0m  [["group_id", 1]]
  ↳ app/controllers/groups_controller.rb:8:in `flat_map'
  [1m[36mPayment Load (0.7ms)[0m  [1m[34mSELECT "payments".* FROM "payments" INNER JOIN "group_payments" ON "payments"."id" = "group_payments"."payment_id" WHERE "group_payments"."group_id" = $1[0m  [["group_id", 2]]
  ↳ app/controllers/groups_controller.rb:8:in `flat_map'
  Rendering layout layouts/application.html.erb
  Rendering groups/index.html.erb within layouts/application
  [1m[36mActiveStorage::Attachment Load (0.6ms)[0m  [1m[34mSELECT "active_storage_attachments".* FROM "active_storage_attachments" WHERE "active_storage_attachments"."record_id" = $1 AND "active_storage_attachments"."record_type" = $2 AND "active_storage_attachments"."name" = $3 LIMIT $4[0m  [["record_id", 1], ["record_type", "User"], ["name", "avatar"], ["LIMIT", 1]]
  ↳ app/views/groups/index.html.erb:7
  [1m[36mPayment Sum (1.1ms)[0m  [1m[34mSELECT SUM("payments"."amount") FROM "payments" INNER JOIN "group_payments" ON "payments"."id" = "group_payments"."payment_id" WHERE "group_payments"."group_id" = $1[0m  [["group_id", 1]]
  ↳ app/models/group.rb:9:in `total_amount'
  [1m[36mPayment Sum (1.0ms)[0m  [1m[34mSELECT SUM("payments"."amount") FROM "payments" INNER JOIN "group_payments" ON "payments"."id" = "group_payments"."payment_id" WHERE "group_payments"."group_id" = $1[0m  [["group_id", 2]]
  ↳ app/models/group.rb:9:in `total_amount'
  Rendered groups/index.html.erb within layouts/application (Duration: 13.1ms | Allocations: 5135)
  Rendered layout layouts/application.html.erb (Duration: 20.2ms | Allocations: 8530)
Completed 200 OK in 42ms (Views: 18.3ms | ActiveRecord: 5.9ms | Allocations: 12749)


Started DELETE "/users/sign_out" for ::1 at 2023-04-08 11:43:46 +0300
Processing by Devise::SessionsController#destroy as TURBO_STREAM
  Parameters: {"authenticity_token"=>"[FILTERED]"}
  [1m[36mUser Load (0.9ms)[0m  [1m[34mSELECT "users".* FROM "users" WHERE "users"."id" = $1 ORDER BY "users"."id" ASC LIMIT $2[0m  [["id", 1], ["LIMIT", 1]]
Redirected to http://localhost:3000/
Completed 303 See Other in 20ms (ActiveRecord: 0.9ms | Allocations: 3321)


Started GET "/" for ::1 at 2023-04-08 11:43:46 +0300
Processing by HomeController#index as TURBO_STREAM
  Rendering layout layouts/application.html.erb
  Rendering home/index.html.erb within layouts/application
  Rendered home/index.html.erb within layouts/application (Duration: 1.1ms | Allocations: 281)
  Rendered layout layouts/application.html.erb (Duration: 9.1ms | Allocations: 4085)
Completed 200 OK in 14ms (Views: 11.5ms | ActiveRecord: 0.0ms | Allocations: 4852)


